<?xml version="1.0" encoding="UTF-8"?>
<!-- Generated by org.testng.reporters.JUnitReportReporter -->
<testsuite hostname="PC-103-WS" name="OpenStartPageTest" tests="1" failures="0" timestamp="25 Mar 2016 09:27:32 GMT" time="2.006" errors="0">
  <testcase name="openStartPage" time="2.006" classname="OpenStartPageTest"/>
</testsuite> <!-- OpenStartPageTest -->
